<?xml version="1.0" encoding="UTF-8"?>
<testsuite xmlns:xsi="http://www.w3.org/2001/XMLSchema-instance" xsi:noNamespaceSchemaLocation="https://maven.apache.org/surefire/maven-surefire-plugin/xsd/surefire-test-report.xsd" name="tr.com.havelsan.RemoteWorkStation.RemoteWorkStationApplicationTests" time="2.702" tests="1" errors="0" skipped="0" failures="0">
  <properties>
    <property name="sun.desktop" value="windows"/>
    <property name="awt.toolkit" value="sun.awt.windows.WToolkit"/>
    <property name="file.encoding.pkg" value="sun.io"/>
    <property name="java.specification.version" value="1.8"/>
    <property name="sun.cpu.isalist" value="amd64"/>
    <property name="sun.jnu.encoding" value="Cp1254"/>
    <property name="java.class.path" value="C:\Users\ASUS\Desktop\HacknChange\RemoteWorkStationBackend\target\test-classes;C:\Users\ASUS\Desktop\HacknChange\RemoteWorkStationBackend\target\classes;D:\Teyfik\Project\mavenRepo\org\springframework\boot\spring-boot-starter\2.2.6.RELEASE\spring-boot-starter-2.2.6.RELEASE.jar;D:\Teyfik\Project\mavenRepo\org\springframework\boot\spring-boot\2.2.6.RELEASE\spring-boot-2.2.6.RELEASE.jar;D:\Teyfik\Project\mavenRepo\org\springframework\spring-context\5.2.5.RELEASE\spring-context-5.2.5.RELEASE.jar;D:\Teyfik\Project\mavenRepo\org\springframework\boot\spring-boot-autoconfigure\2.2.6.RELEASE\spring-boot-autoconfigure-2.2.6.RELEASE.jar;D:\Teyfik\Project\mavenRepo\org\springframework\boot\spring-boot-starter-logging\2.2.6.RELEASE\spring-boot-starter-logging-2.2.6.RELEASE.jar;D:\Teyfik\Project\mavenRepo\ch\qos\logback\logback-classic\1.2.3\logback-classic-1.2.3.jar;D:\Teyfik\Project\mavenRepo\ch\qos\logback\logback-core\1.2.3\logback-core-1.2.3.jar;D:\Teyfik\Project\mavenRepo\org\apache\logging\log4j\log4j-to-slf4j\2.12.1\log4j-to-slf4j-2.12.1.jar;D:\Teyfik\Project\mavenRepo\org\apache\logging\log4j\log4j-api\2.12.1\log4j-api-2.12.1.jar;D:\Teyfik\Project\mavenRepo\org\slf4j\jul-to-slf4j\1.7.30\jul-to-slf4j-1.7.30.jar;D:\Teyfik\Project\mavenRepo\jakarta\annotation\jakarta.annotation-api\1.3.5\jakarta.annotation-api-1.3.5.jar;D:\Teyfik\Project\mavenRepo\org\springframework\spring-core\5.2.5.RELEASE\spring-core-5.2.5.RELEASE.jar;D:\Teyfik\Project\mavenRepo\org\springframework\spring-jcl\5.2.5.RELEASE\spring-jcl-5.2.5.RELEASE.jar;D:\Teyfik\Project\mavenRepo\org\yaml\snakeyaml\1.25\snakeyaml-1.25.jar;D:\Teyfik\Project\mavenRepo\org\springframework\boot\spring-boot-starter-web\2.2.6.RELEASE\spring-boot-starter-web-2.2.6.RELEASE.jar;D:\Teyfik\Project\mavenRepo\org\springframework\boot\spring-boot-starter-json\2.2.6.RELEASE\spring-boot-starter-json-2.2.6.RELEASE.jar;D:\Teyfik\Project\mavenRepo\com\fasterxml\jackson\core\jackson-databind\2.10.3\jackson-databind-2.10.3.jar;D:\Teyfik\Project\mavenRepo\com\fasterxml\jackson\core\jackson-annotations\2.10.3\jackson-annotations-2.10.3.jar;D:\Teyfik\Project\mavenRepo\com\fasterxml\jackson\core\jackson-core\2.10.3\jackson-core-2.10.3.jar;D:\Teyfik\Project\mavenRepo\com\fasterxml\jackson\datatype\jackson-datatype-jdk8\2.10.3\jackson-datatype-jdk8-2.10.3.jar;D:\Teyfik\Project\mavenRepo\com\fasterxml\jackson\datatype\jackson-datatype-jsr310\2.10.3\jackson-datatype-jsr310-2.10.3.jar;D:\Teyfik\Project\mavenRepo\com\fasterxml\jackson\module\jackson-module-parameter-names\2.10.3\jackson-module-parameter-names-2.10.3.jar;D:\Teyfik\Project\mavenRepo\org\springframework\boot\spring-boot-starter-tomcat\2.2.6.RELEASE\spring-boot-starter-tomcat-2.2.6.RELEASE.jar;D:\Teyfik\Project\mavenRepo\org\apache\tomcat\embed\tomcat-embed-core\9.0.33\tomcat-embed-core-9.0.33.jar;D:\Teyfik\Project\mavenRepo\org\apache\tomcat\embed\tomcat-embed-el\9.0.33\tomcat-embed-el-9.0.33.jar;D:\Teyfik\Project\mavenRepo\org\apache\tomcat\embed\tomcat-embed-websocket\9.0.33\tomcat-embed-websocket-9.0.33.jar;D:\Teyfik\Project\mavenRepo\org\springframework\boot\spring-boot-starter-validation\2.2.6.RELEASE\spring-boot-starter-validation-2.2.6.RELEASE.jar;D:\Teyfik\Project\mavenRepo\jakarta\validation\jakarta.validation-api\2.0.2\jakarta.validation-api-2.0.2.jar;D:\Teyfik\Project\mavenRepo\org\hibernate\validator\hibernate-validator\6.0.18.Final\hibernate-validator-6.0.18.Final.jar;D:\Teyfik\Project\mavenRepo\org\jboss\logging\jboss-logging\3.4.1.Final\jboss-logging-3.4.1.Final.jar;D:\Teyfik\Project\mavenRepo\com\fasterxml\classmate\1.5.1\classmate-1.5.1.jar;D:\Teyfik\Project\mavenRepo\org\springframework\spring-web\5.2.5.RELEASE\spring-web-5.2.5.RELEASE.jar;D:\Teyfik\Project\mavenRepo\org\springframework\spring-beans\5.2.5.RELEASE\spring-beans-5.2.5.RELEASE.jar;D:\Teyfik\Project\mavenRepo\org\springframework\spring-webmvc\5.2.5.RELEASE\spring-webmvc-5.2.5.RELEASE.jar;D:\Teyfik\Project\mavenRepo\org\springframework\spring-aop\5.2.5.RELEASE\spring-aop-5.2.5.RELEASE.jar;D:\Teyfik\Project\mavenRepo\org\springframework\spring-expression\5.2.5.RELEASE\spring-expression-5.2.5.RELEASE.jar;D:\Teyfik\Project\mavenRepo\org\springframework\boot\spring-boot-starter-test\2.2.6.RELEASE\spring-boot-starter-test-2.2.6.RELEASE.jar;D:\Teyfik\Project\mavenRepo\org\springframework\boot\spring-boot-test\2.2.6.RELEASE\spring-boot-test-2.2.6.RELEASE.jar;D:\Teyfik\Project\mavenRepo\org\springframework\boot\spring-boot-test-autoconfigure\2.2.6.RELEASE\spring-boot-test-autoconfigure-2.2.6.RELEASE.jar;D:\Teyfik\Project\mavenRepo\com\jayway\jsonpath\json-path\2.4.0\json-path-2.4.0.jar;D:\Teyfik\Project\mavenRepo\net\minidev\json-smart\2.3\json-smart-2.3.jar;D:\Teyfik\Project\mavenRepo\net\minidev\accessors-smart\1.2\accessors-smart-1.2.jar;D:\Teyfik\Project\mavenRepo\org\ow2\asm\asm\5.0.4\asm-5.0.4.jar;D:\Teyfik\Project\mavenRepo\org\slf4j\slf4j-api\1.7.30\slf4j-api-1.7.30.jar;D:\Teyfik\Project\mavenRepo\jakarta\xml\bind\jakarta.xml.bind-api\2.3.3\jakarta.xml.bind-api-2.3.3.jar;D:\Teyfik\Project\mavenRepo\jakarta\activation\jakarta.activation-api\1.2.2\jakarta.activation-api-1.2.2.jar;D:\Teyfik\Project\mavenRepo\org\junit\jupiter\junit-jupiter\5.5.2\junit-jupiter-5.5.2.jar;D:\Teyfik\Project\mavenRepo\org\junit\jupiter\junit-jupiter-api\5.5.2\junit-jupiter-api-5.5.2.jar;D:\Teyfik\Project\mavenRepo\org\apiguardian\apiguardian-api\1.1.0\apiguardian-api-1.1.0.jar;D:\Teyfik\Project\mavenRepo\org\opentest4j\opentest4j\1.2.0\opentest4j-1.2.0.jar;D:\Teyfik\Project\mavenRepo\org\junit\platform\junit-platform-commons\1.5.2\junit-platform-commons-1.5.2.jar;D:\Teyfik\Project\mavenRepo\org\junit\jupiter\junit-jupiter-params\5.5.2\junit-jupiter-params-5.5.2.jar;D:\Teyfik\Project\mavenRepo\org\junit\jupiter\junit-jupiter-engine\5.5.2\junit-jupiter-engine-5.5.2.jar;D:\Teyfik\Project\mavenRepo\org\junit\platform\junit-platform-engine\1.5.2\junit-platform-engine-1.5.2.jar;D:\Teyfik\Project\mavenRepo\org\mockito\mockito-junit-jupiter\3.1.0\mockito-junit-jupiter-3.1.0.jar;D:\Teyfik\Project\mavenRepo\org\assertj\assertj-core\3.13.2\assertj-core-3.13.2.jar;D:\Teyfik\Project\mavenRepo\org\hamcrest\hamcrest\2.1\hamcrest-2.1.jar;D:\Teyfik\Project\mavenRepo\org\mockito\mockito-core\3.1.0\mockito-core-3.1.0.jar;D:\Teyfik\Project\mavenRepo\net\bytebuddy\byte-buddy\1.10.8\byte-buddy-1.10.8.jar;D:\Teyfik\Project\mavenRepo\net\bytebuddy\byte-buddy-agent\1.10.8\byte-buddy-agent-1.10.8.jar;D:\Teyfik\Project\mavenRepo\org\objenesis\objenesis\2.6\objenesis-2.6.jar;D:\Teyfik\Project\mavenRepo\org\skyscreamer\jsonassert\1.5.0\jsonassert-1.5.0.jar;D:\Teyfik\Project\mavenRepo\com\vaadin\external\google\android-json\0.0.20131108.vaadin1\android-json-0.0.20131108.vaadin1.jar;D:\Teyfik\Project\mavenRepo\org\springframework\spring-test\5.2.5.RELEASE\spring-test-5.2.5.RELEASE.jar;D:\Teyfik\Project\mavenRepo\org\xmlunit\xmlunit-core\2.6.4\xmlunit-core-2.6.4.jar;"/>
    <property name="java.vm.vendor" value="Oracle Corporation"/>
    <property name="sun.arch.data.model" value="64"/>
    <property name="user.variant" value=""/>
    <property name="java.vendor.url" value="http://java.oracle.com/"/>
    <property name="user.timezone" value="Asia/Istanbul"/>
    <property name="java.vm.specification.version" value="1.8"/>
    <property name="os.name" value="Windows 10"/>
    <property name="user.country" value="TR"/>
    <property name="sun.java.launcher" value="SUN_STANDARD"/>
    <property name="sun.boot.library.path" value="C:\Program Files\Java\jdk1.8.0_241\jre\bin"/>
    <property name="sun.java.command" value="C:\Users\ASUS\AppData\Local\Temp\surefire5827785652571718469\surefirebooter7164294934781873945.jar C:\Users\ASUS\AppData\Local\Temp\surefire5827785652571718469 2020-04-09T19-40-02_732-jvmRun1 surefire1374819070433302774tmp surefire_07115645077088294483tmp"/>
    <property name="surefire.test.class.path" value="C:\Users\ASUS\Desktop\HacknChange\RemoteWorkStationBackend\target\test-classes;C:\Users\ASUS\Desktop\HacknChange\RemoteWorkStationBackend\target\classes;D:\Teyfik\Project\mavenRepo\org\springframework\boot\spring-boot-starter\2.2.6.RELEASE\spring-boot-starter-2.2.6.RELEASE.jar;D:\Teyfik\Project\mavenRepo\org\springframework\boot\spring-boot\2.2.6.RELEASE\spring-boot-2.2.6.RELEASE.jar;D:\Teyfik\Project\mavenRepo\org\springframework\spring-context\5.2.5.RELEASE\spring-context-5.2.5.RELEASE.jar;D:\Teyfik\Project\mavenRepo\org\springframework\boot\spring-boot-autoconfigure\2.2.6.RELEASE\spring-boot-autoconfigure-2.2.6.RELEASE.jar;D:\Teyfik\Project\mavenRepo\org\springframework\boot\spring-boot-starter-logging\2.2.6.RELEASE\spring-boot-starter-logging-2.2.6.RELEASE.jar;D:\Teyfik\Project\mavenRepo\ch\qos\logback\logback-classic\1.2.3\logback-classic-1.2.3.jar;D:\Teyfik\Project\mavenRepo\ch\qos\logback\logback-core\1.2.3\logback-core-1.2.3.jar;D:\Teyfik\Project\mavenRepo\org\apache\logging\log4j\log4j-to-slf4j\2.12.1\log4j-to-slf4j-2.12.1.jar;D:\Teyfik\Project\mavenRepo\org\apache\logging\log4j\log4j-api\2.12.1\log4j-api-2.12.1.jar;D:\Teyfik\Project\mavenRepo\org\slf4j\jul-to-slf4j\1.7.30\jul-to-slf4j-1.7.30.jar;D:\Teyfik\Project\mavenRepo\jakarta\annotation\jakarta.annotation-api\1.3.5\jakarta.annotation-api-1.3.5.jar;D:\Teyfik\Project\mavenRepo\org\springframework\spring-core\5.2.5.RELEASE\spring-core-5.2.5.RELEASE.jar;D:\Teyfik\Project\mavenRepo\org\springframework\spring-jcl\5.2.5.RELEASE\spring-jcl-5.2.5.RELEASE.jar;D:\Teyfik\Project\mavenRepo\org\yaml\snakeyaml\1.25\snakeyaml-1.25.jar;D:\Teyfik\Project\mavenRepo\org\springframework\boot\spring-boot-starter-web\2.2.6.RELEASE\spring-boot-starter-web-2.2.6.RELEASE.jar;D:\Teyfik\Project\mavenRepo\org\springframework\boot\spring-boot-starter-json\2.2.6.RELEASE\spring-boot-starter-json-2.2.6.RELEASE.jar;D:\Teyfik\Project\mavenRepo\com\fasterxml\jackson\core\jackson-databind\2.10.3\jackson-databind-2.10.3.jar;D:\Teyfik\Project\mavenRepo\com\fasterxml\jackson\core\jackson-annotations\2.10.3\jackson-annotations-2.10.3.jar;D:\Teyfik\Project\mavenRepo\com\fasterxml\jackson\core\jackson-core\2.10.3\jackson-core-2.10.3.jar;D:\Teyfik\Project\mavenRepo\com\fasterxml\jackson\datatype\jackson-datatype-jdk8\2.10.3\jackson-datatype-jdk8-2.10.3.jar;D:\Teyfik\Project\mavenRepo\com\fasterxml\jackson\datatype\jackson-datatype-jsr310\2.10.3\jackson-datatype-jsr310-2.10.3.jar;D:\Teyfik\Project\mavenRepo\com\fasterxml\jackson\module\jackson-module-parameter-names\2.10.3\jackson-module-parameter-names-2.10.3.jar;D:\Teyfik\Project\mavenRepo\org\springframework\boot\spring-boot-starter-tomcat\2.2.6.RELEASE\spring-boot-starter-tomcat-2.2.6.RELEASE.jar;D:\Teyfik\Project\mavenRepo\org\apache\tomcat\embed\tomcat-embed-core\9.0.33\tomcat-embed-core-9.0.33.jar;D:\Teyfik\Project\mavenRepo\org\apache\tomcat\embed\tomcat-embed-el\9.0.33\tomcat-embed-el-9.0.33.jar;D:\Teyfik\Project\mavenRepo\org\apache\tomcat\embed\tomcat-embed-websocket\9.0.33\tomcat-embed-websocket-9.0.33.jar;D:\Teyfik\Project\mavenRepo\org\springframework\boot\spring-boot-starter-validation\2.2.6.RELEASE\spring-boot-starter-validation-2.2.6.RELEASE.jar;D:\Teyfik\Project\mavenRepo\jakarta\validation\jakarta.validation-api\2.0.2\jakarta.validation-api-2.0.2.jar;D:\Teyfik\Project\mavenRepo\org\hibernate\validator\hibernate-validator\6.0.18.Final\hibernate-validator-6.0.18.Final.jar;D:\Teyfik\Project\mavenRepo\org\jboss\logging\jboss-logging\3.4.1.Final\jboss-logging-3.4.1.Final.jar;D:\Teyfik\Project\mavenRepo\com\fasterxml\classmate\1.5.1\classmate-1.5.1.jar;D:\Teyfik\Project\mavenRepo\org\springframework\spring-web\5.2.5.RELEASE\spring-web-5.2.5.RELEASE.jar;D:\Teyfik\Project\mavenRepo\org\springframework\spring-beans\5.2.5.RELEASE\spring-beans-5.2.5.RELEASE.jar;D:\Teyfik\Project\mavenRepo\org\springframework\spring-webmvc\5.2.5.RELEASE\spring-webmvc-5.2.5.RELEASE.jar;D:\Teyfik\Project\mavenRepo\org\springframework\spring-aop\5.2.5.RELEASE\spring-aop-5.2.5.RELEASE.jar;D:\Teyfik\Project\mavenRepo\org\springframework\spring-expression\5.2.5.RELEASE\spring-expression-5.2.5.RELEASE.jar;D:\Teyfik\Project\mavenRepo\org\springframework\boot\spring-boot-starter-test\2.2.6.RELEASE\spring-boot-starter-test-2.2.6.RELEASE.jar;D:\Teyfik\Project\mavenRepo\org\springframework\boot\spring-boot-test\2.2.6.RELEASE\spring-boot-test-2.2.6.RELEASE.jar;D:\Teyfik\Project\mavenRepo\org\springframework\boot\spring-boot-test-autoconfigure\2.2.6.RELEASE\spring-boot-test-autoconfigure-2.2.6.RELEASE.jar;D:\Teyfik\Project\mavenRepo\com\jayway\jsonpath\json-path\2.4.0\json-path-2.4.0.jar;D:\Teyfik\Project\mavenRepo\net\minidev\json-smart\2.3\json-smart-2.3.jar;D:\Teyfik\Project\mavenRepo\net\minidev\accessors-smart\1.2\accessors-smart-1.2.jar;D:\Teyfik\Project\mavenRepo\org\ow2\asm\asm\5.0.4\asm-5.0.4.jar;D:\Teyfik\Project\mavenRepo\org\slf4j\slf4j-api\1.7.30\slf4j-api-1.7.30.jar;D:\Teyfik\Project\mavenRepo\jakarta\xml\bind\jakarta.xml.bind-api\2.3.3\jakarta.xml.bind-api-2.3.3.jar;D:\Teyfik\Project\mavenRepo\jakarta\activation\jakarta.activation-api\1.2.2\jakarta.activation-api-1.2.2.jar;D:\Teyfik\Project\mavenRepo\org\junit\jupiter\junit-jupiter\5.5.2\junit-jupiter-5.5.2.jar;D:\Teyfik\Project\mavenRepo\org\junit\jupiter\junit-jupiter-api\5.5.2\junit-jupiter-api-5.5.2.jar;D:\Teyfik\Project\mavenRepo\org\apiguardian\apiguardian-api\1.1.0\apiguardian-api-1.1.0.jar;D:\Teyfik\Project\mavenRepo\org\opentest4j\opentest4j\1.2.0\opentest4j-1.2.0.jar;D:\Teyfik\Project\mavenRepo\org\junit\platform\junit-platform-commons\1.5.2\junit-platform-commons-1.5.2.jar;D:\Teyfik\Project\mavenRepo\org\junit\jupiter\junit-jupiter-params\5.5.2\junit-jupiter-params-5.5.2.jar;D:\Teyfik\Project\mavenRepo\org\junit\jupiter\junit-jupiter-engine\5.5.2\junit-jupiter-engine-5.5.2.jar;D:\Teyfik\Project\mavenRepo\org\junit\platform\junit-platform-engine\1.5.2\junit-platform-engine-1.5.2.jar;D:\Teyfik\Project\mavenRepo\org\mockito\mockito-junit-jupiter\3.1.0\mockito-junit-jupiter-3.1.0.jar;D:\Teyfik\Project\mavenRepo\org\assertj\assertj-core\3.13.2\assertj-core-3.13.2.jar;D:\Teyfik\Project\mavenRepo\org\hamcrest\hamcrest\2.1\hamcrest-2.1.jar;D:\Teyfik\Project\mavenRepo\org\mockito\mockito-core\3.1.0\mockito-core-3.1.0.jar;D:\Teyfik\Project\mavenRepo\net\bytebuddy\byte-buddy\1.10.8\byte-buddy-1.10.8.jar;D:\Teyfik\Project\mavenRepo\net\bytebuddy\byte-buddy-agent\1.10.8\byte-buddy-agent-1.10.8.jar;D:\Teyfik\Project\mavenRepo\org\objenesis\objenesis\2.6\objenesis-2.6.jar;D:\Teyfik\Project\mavenRepo\org\skyscreamer\jsonassert\1.5.0\jsonassert-1.5.0.jar;D:\Teyfik\Project\mavenRepo\com\vaadin\external\google\android-json\0.0.20131108.vaadin1\android-json-0.0.20131108.vaadin1.jar;D:\Teyfik\Project\mavenRepo\org\springframework\spring-test\5.2.5.RELEASE\spring-test-5.2.5.RELEASE.jar;D:\Teyfik\Project\mavenRepo\org\xmlunit\xmlunit-core\2.6.4\xmlunit-core-2.6.4.jar;"/>
    <property name="sun.cpu.endian" value="little"/>
    <property name="user.home" value="C:\Users\ASUS"/>
    <property name="user.language" value="tr"/>
    <property name="java.specification.vendor" value="Oracle Corporation"/>
    <property name="java.home" value="C:\Program Files\Java\jdk1.8.0_241\jre"/>
    <property name="basedir" value="C:\Users\ASUS\Desktop\HacknChange\RemoteWorkStationBackend"/>
    <property name="file.separator" value="\"/>
    <property name="line.separator" value="&#10;"/>
    <property name="java.vm.specification.vendor" value="Oracle Corporation"/>
    <property name="java.specification.name" value="Java Platform API Specification"/>
    <property name="java.awt.graphicsenv" value="sun.awt.Win32GraphicsEnvironment"/>
    <property name="surefire.real.class.path" value="C:\Users\ASUS\AppData\Local\Temp\surefire5827785652571718469\surefirebooter7164294934781873945.jar"/>
    <property name="sun.boot.class.path" value="C:\Program Files\Java\jdk1.8.0_241\jre\lib\resources.jar;C:\Program Files\Java\jdk1.8.0_241\jre\lib\rt.jar;C:\Program Files\Java\jdk1.8.0_241\jre\lib\sunrsasign.jar;C:\Program Files\Java\jdk1.8.0_241\jre\lib\jsse.jar;C:\Program Files\Java\jdk1.8.0_241\jre\lib\jce.jar;C:\Program Files\Java\jdk1.8.0_241\jre\lib\charsets.jar;C:\Program Files\Java\jdk1.8.0_241\jre\lib\jfr.jar;C:\Program Files\Java\jdk1.8.0_241\jre\classes"/>
    <property name="user.script" value=""/>
    <property name="sun.management.compiler" value="HotSpot 64-Bit Tiered Compilers"/>
    <property name="java.runtime.version" value="1.8.0_241-b07"/>
    <property name="user.name" value="ASUS"/>
    <property name="path.separator" value=";"/>
    <property name="os.version" value="10.0"/>
    <property name="java.endorsed.dirs" value="C:\Program Files\Java\jdk1.8.0_241\jre\lib\endorsed"/>
    <property name="java.runtime.name" value="Java(TM) SE Runtime Environment"/>
    <property name="file.encoding" value="Cp1254"/>
    <property name="java.vm.name" value="Java HotSpot(TM) 64-Bit Server VM"/>
    <property name="localRepository" value="D:\Teyfik\Project\mavenRepo"/>
    <property name="java.vendor.url.bug" value="http://bugreport.sun.com/bugreport/"/>
    <property name="java.io.tmpdir" value="C:\Users\ASUS\AppData\Local\Temp\"/>
    <property name="java.version" value="1.8.0_241"/>
    <property name="user.dir" value="C:\Users\ASUS\Desktop\HacknChange\RemoteWorkStationBackend"/>
    <property name="os.arch" value="amd64"/>
    <property name="java.vm.specification.name" value="Java Virtual Machine Specification"/>
    <property name="java.awt.printerjob" value="sun.awt.windows.WPrinterJob"/>
    <property name="sun.os.patch.level" value=""/>
    <property name="idea.version2019.3.4" value="true"/>
    <property name="java.library.path" value="C:\Program Files\Java\jdk1.8.0_241\jre\bin;C:\WINDOWS\Sun\Java\bin;C:\WINDOWS\system32;C:\WINDOWS;C:\Python27\;C:\Python27\Scripts;C:\Program Files (x86)\Common Files\Oracle\Java\javapath;C:\WINDOWS;C:\WINDOWS\system32;C:\WINDOWS\System32\Wbem;C:\WINDOWS\System32\WindowsPowerShell\v1.0\;C:\WINDOWS\System32\OpenSSH\;C:\Program Files\Microsoft MPI\Bin\;C:\Program Files (x86)\Intel\iCLS Client\;C:\Program Files\Intel\iCLS Client\;C:\Windows\system32;C:\Windows;C:\Windows\System32\Wbem;C:\Windows\System32\WindowsPowerShell\v1.0\;C:\Program Files (x86)\NVIDIA Corporation\PhysX\Common;C:\Program Files (x86)\Intel\Intel(R) Management Engine Components\DAL;C:\Program Files\Intel\Intel(R) Management Engine Components\DAL;C:\Program Files (x86)\Intel\Intel(R) Management Engine Components\IPT;C:\Program Files\Intel\Intel(R) Management Engine Components\IPT;C:\Program Files\dotnet\;C:\Program Files\Microsoft SQL Server\130\Tools\Binn\;C:\Program Files (x86)\WinMerge;C:\Program Files\Git\cmd;C:\Program Files\nodejs\;C:\ProgramData\chocolatey\bin;D:\Projects\apache-maven-3.6.3\bin;C:\Program Files\Java\jdk1.8.0_241\bin;C:\Users\ASUS\AppData\Local\atom\bin;C:\Program Files\MongoDB\Server\4.0\bin;C:\Users\ASUS\AppData\Local\Microsoft\WindowsApps;C:\Users\ASUS\AppData\Roaming\npm;C:\Program Files\JetBrains\IntelliJ IDEA 2019.3.4\bin;C:\Program Files\JetBrains\WebStorm 2019.3.4\bin;C:\Users\ASUS\AppData\Local\GitHubDesktop\bin;."/>
    <property name="java.vm.info" value="mixed mode"/>
    <property name="java.vendor" value="Oracle Corporation"/>
    <property name="java.vm.version" value="25.241-b07"/>
    <property name="java.ext.dirs" value="C:\Program Files\Java\jdk1.8.0_241\jre\lib\ext;C:\WINDOWS\Sun\Java\lib\ext"/>
    <property name="sun.io.unicode.encoding" value="UnicodeLittle"/>
    <property name="maven.repo.local" value="D:\Teyfik\Project\mavenRepo"/>
    <property name="java.class.version" value="52.0"/>
  </properties>
  <testcase name="contextLoads" classname="tr.com.havelsan.RemoteWorkStation.RemoteWorkStationApplicationTests" time="0.218"/>
</testsuite>